<?xml version="1.0" encoding="UTF-8"?>
<!-- Generated by org.testng.reporters.JUnitReportReporter -->
<testsuite skipped="0" hostname="LAPTOP-NSQ9SMM0" name="com.yourLogo.testCases.checkExistingUserLogin" tests="1" failures="0" timestamp="22 Feb 2020 01:43:00 GMT" time="2.599" errors="0">
  <testcase name="TC_ExistingUserLogin" time="2.599" classname="com.yourLogo.testCases.checkExistingUserLogin"/>
</testsuite> <!-- com.yourLogo.testCases.checkExistingUserLogin -->
