<?xml version="1.0" encoding="UTF-8"?>
<!-- Generated by org.testng.reporters.JUnitReportReporter -->
<testsuite skipped="0" hostname="LAPTOP-NSQ9SMM0" name="testCases.checkEmailRegistration" tests="1" failures="0" timestamp="20 Feb 2020 00:51:15 GMT" time="4.847" errors="0">
  <testcase name="TC_emailCheck" time="4.847" classname="testCases.checkEmailRegistration"/>
</testsuite> <!-- testCases.checkEmailRegistration -->
