<?xml version="1.0" encoding="UTF-8"?>
<!-- Generated by org.testng.reporters.JUnitReportReporter -->
<testsuite skipped="0" hostname="LAPTOP-NSQ9SMM0" name="com.automationPractice.yourLogo.testCases.checkEmailRegistration" tests="1" failures="0" timestamp="20 Feb 2020 01:13:50 GMT" time="4.553" errors="0">
  <testcase name="TC_emailCheck" time="4.553" classname="com.automationPractice.yourLogo.testCases.checkEmailRegistration"/>
</testsuite> <!-- com.automationPractice.yourLogo.testCases.checkEmailRegistration -->
