<?xml version="1.0" encoding="UTF-8"?>
<!-- Generated by org.testng.reporters.JUnitReportReporter -->
<testsuite skipped="0" hostname="LAPTOP-NSQ9SMM0" name="com.automationPractice.yourLogo.MainClass" tests="1" failures="0" timestamp="18 Feb 2020 18:26:52 GMT" time="13.164" errors="0">
  <testcase name="TC_UserCreation" time="13.164" classname="com.automationPractice.yourLogo.MainClass"/>
</testsuite> <!-- com.automationPractice.yourLogo.MainClass -->
