<?xml version="1.0" encoding="UTF-8"?>
<!-- Generated by org.testng.reporters.JUnitReportReporter -->
<testsuite skipped="0" hostname="LAPTOP-NSQ9SMM0" name="com.yourLogo.testCases.ExistingUserLoginTest" tests="1" failures="0" timestamp="28 Feb 2020 02:20:43 GMT" time="14.620" errors="0">
  <testcase name="TC_ExistingUserLogin" time="14.620" classname="com.yourLogo.testCases.ExistingUserLoginTest"/>
</testsuite> <!-- com.yourLogo.testCases.ExistingUserLoginTest -->
