<?xml version="1.0" encoding="UTF-8"?>
<!-- Generated by org.testng.reporters.JUnitReportReporter -->
<testsuite skipped="0" hostname="LAPTOP-NSQ9SMM0" name="com.yourLogo.testCases.FillShoppingCartTest" tests="1" failures="0" timestamp="27 Feb 2020 01:08:56 GMT" time="3.224" errors="0">
  <testcase name="TC_AddItemsInCart" time="3.224" classname="com.yourLogo.testCases.FillShoppingCartTest"/>
</testsuite> <!-- com.yourLogo.testCases.FillShoppingCartTest -->
