<?xml version="1.0" encoding="UTF-8"?>
<!-- Generated by org.testng.reporters.JUnitReportReporter -->
<testsuite skipped="0" hostname="LAPTOP-NSQ9SMM0" name="testCases.checkEmailRegistration" tests="1" failures="0" timestamp="2020-02-19T18:21:09 CST" time="5.171" errors="0">
  <testcase name="TC_emailCheck" time="5.171" classname="testCases.checkEmailRegistration"/>
  <system-out/>
</testsuite> <!-- testCases.checkEmailRegistration -->
